15:10:53.987 [main] INFO  testCases.LoginTestCase - *****starting login testcase***
15:10:54.275 [main] INFO  testCases.LoginTestCase - *****clicking on my account***
15:10:56.542 [main] INFO  testCases.LoginTestCase - *****clicking on login***
15:11:06.655 [main] INFO  testCases.LoginTestCase - *****entering the credentias***
15:11:13.390 [main] INFO  testCases.LoginTestCase - *****login testcase is completed***
16:00:20.984 [main] INFO  testCases.RegistrationTestCase - *****starting register testcase***
16:00:21.252 [main] INFO  testCases.RegistrationTestCase - *****click on my account ***
16:00:24.005 [main] INFO  testCases.RegistrationTestCase - *****clicking on register***
16:00:34.857 [main] INFO  testCases.RegistrationTestCase - *****entering all the credentials***
16:00:34.857 [main] INFO  testCases.RegistrationTestCase - *****entering first name***
16:00:37.360 [main] INFO  testCases.RegistrationTestCase - *****entering last name***
16:00:39.544 [main] INFO  testCases.RegistrationTestCase - *****entering email***
16:00:41.773 [main] INFO  testCases.RegistrationTestCase - *****entering password***
16:00:46.965 [main] INFO  testCases.RegistrationTestCase - *****starting clicking on agree***
16:01:57.265 [main] INFO  testCases.RegistrationTestCase - *****starting register testcase***
16:01:57.296 [main] INFO  testCases.RegistrationTestCase - *****click on my account ***
16:01:59.389 [main] INFO  testCases.RegistrationTestCase - *****clicking on register***
16:02:04.316 [main] INFO  testCases.RegistrationTestCase - *****entering all the credentials***
16:02:04.316 [main] INFO  testCases.RegistrationTestCase - *****entering first name***
16:02:06.601 [main] INFO  testCases.RegistrationTestCase - *****entering last name***
16:02:08.818 [main] INFO  testCases.RegistrationTestCase - *****entering email***
16:02:10.984 [main] INFO  testCases.RegistrationTestCase - *****entering password***
18:35:57.066 [main] INFO  testCases.RegistrationTestCase - *****starting register testcase***
18:35:57.247 [main] INFO  testCases.RegistrationTestCase - *****click on my account ***
18:35:59.559 [main] INFO  testCases.RegistrationTestCase - *****clicking on register***
18:36:04.819 [main] INFO  testCases.RegistrationTestCase - *****entering all the credentials***
18:36:04.819 [main] INFO  testCases.RegistrationTestCase - *****entering first name***
18:36:07.048 [main] INFO  testCases.RegistrationTestCase - *****entering last name***
18:36:09.244 [main] INFO  testCases.RegistrationTestCase - *****entering email***
18:36:11.524 [main] INFO  testCases.RegistrationTestCase - *****entering password***
18:38:47.371 [main] INFO  testCases.RegistrationTestCase - *****starting register testcase***
18:38:47.418 [main] INFO  testCases.RegistrationTestCase - *****click on my account ***
18:38:49.636 [main] INFO  testCases.RegistrationTestCase - *****clicking on register***
18:38:55.251 [main] INFO  testCases.RegistrationTestCase - *****entering all the credentials***
18:38:55.251 [main] INFO  testCases.RegistrationTestCase - *****entering first name***
18:38:57.551 [main] INFO  testCases.RegistrationTestCase - *****entering last name***
18:38:59.878 [main] INFO  testCases.RegistrationTestCase - *****entering email***
18:39:02.126 [main] INFO  testCases.RegistrationTestCase - *****entering password***
20:04:57.462 [main] INFO  testCases.RegistrationTestCase - *****starting register testcase***
20:04:57.462 [main] INFO  testCases.RegistrationTestCase - *****starting register testcase***
20:04:58.188 [main] INFO  testCases.RegistrationTestCase - *****click on my account ***
20:04:58.188 [main] INFO  testCases.RegistrationTestCase - *****click on my account ***
20:05:01.859 [main] INFO  testCases.RegistrationTestCase - *****clicking on register***
20:05:01.874 [main] INFO  testCases.RegistrationTestCase - *****clicking on register***
20:05:08.059 [main] INFO  testCases.RegistrationTestCase - *****entering all the credentials***
20:05:08.059 [main] INFO  testCases.RegistrationTestCase - *****entering all the credentials***
20:05:08.059 [main] INFO  testCases.RegistrationTestCase - *****entering first name***
20:05:08.059 [main] INFO  testCases.RegistrationTestCase - *****entering first name***
20:05:10.784 [main] INFO  testCases.RegistrationTestCase - *****entering last name***
20:05:10.784 [main] INFO  testCases.RegistrationTestCase - *****entering last name***
20:05:12.940 [main] INFO  testCases.RegistrationTestCase - *****entering email***
20:05:12.940 [main] INFO  testCases.RegistrationTestCase - *****entering email***
20:05:15.119 [main] INFO  testCases.RegistrationTestCase - *****entering password***
20:05:15.119 [main] INFO  testCases.RegistrationTestCase - *****entering password***
20:09:44.266 [main] INFO  testCases.RegistrationTestCase - *****starting register testcase***
20:09:44.315 [main] INFO  testCases.RegistrationTestCase - *****click on my account ***
20:09:46.508 [main] INFO  testCases.RegistrationTestCase - *****clicking on register***
20:09:51.672 [main] INFO  testCases.RegistrationTestCase - *****entering all the credentials***
20:09:51.672 [main] INFO  testCases.RegistrationTestCase - *****entering first name***
20:09:53.937 [main] INFO  testCases.RegistrationTestCase - *****entering last name***
20:09:56.160 [main] INFO  testCases.RegistrationTestCase - *****entering email***
20:09:58.312 [main] INFO  testCases.RegistrationTestCase - *****entering password***
20:11:07.247 [main] INFO  testCases.RegistrationTestCase - *****starting register testcase***
20:11:07.279 [main] INFO  testCases.RegistrationTestCase - *****click on my account ***
20:11:09.441 [main] INFO  testCases.RegistrationTestCase - *****clicking on register***
20:11:14.501 [main] INFO  testCases.RegistrationTestCase - *****entering all the credentials***
20:11:14.501 [main] INFO  testCases.RegistrationTestCase - *****entering first name***
20:11:16.701 [main] INFO  testCases.RegistrationTestCase - *****entering last name***
20:11:18.904 [main] INFO  testCases.RegistrationTestCase - *****entering email***
20:11:21.057 [main] INFO  testCases.RegistrationTestCase - *****entering password***
20:27:02.505 [main] INFO  testCases.RegistrationTestCase - *****starting register testcase***
20:27:02.543 [main] INFO  testCases.RegistrationTestCase - *****click on my account ***
20:27:04.726 [main] INFO  testCases.RegistrationTestCase - *****clicking on register***
20:27:10.196 [main] INFO  testCases.RegistrationTestCase - *****entering all the credentials***
20:27:10.196 [main] INFO  testCases.RegistrationTestCase - *****entering first name***
20:27:12.439 [main] INFO  testCases.RegistrationTestCase - *****entering last name***
20:27:14.669 [main] INFO  testCases.RegistrationTestCase - *****entering email***
20:27:16.932 [main] INFO  testCases.RegistrationTestCase - *****entering password***
20:27:52.301 [main] INFO  testCases.RegistrationTestCase - *****starting register testcase***
20:27:52.331 [main] INFO  testCases.RegistrationTestCase - *****click on my account ***
20:27:54.443 [main] INFO  testCases.RegistrationTestCase - *****clicking on register***
20:27:59.727 [main] INFO  testCases.RegistrationTestCase - *****entering all the credentials***
20:27:59.728 [main] INFO  testCases.RegistrationTestCase - *****entering first name***
20:28:02.047 [main] INFO  testCases.RegistrationTestCase - *****entering last name***
20:28:04.270 [main] INFO  testCases.RegistrationTestCase - *****entering email***
20:28:06.491 [main] INFO  testCases.RegistrationTestCase - *****entering password***
20:30:14.385 [main] INFO  testCases.RegistrationTestCase - *****starting register testcase***
20:30:14.429 [main] INFO  testCases.RegistrationTestCase - *****click on my account ***
20:30:16.582 [main] INFO  testCases.RegistrationTestCase - *****clicking on register***
20:30:21.615 [main] INFO  testCases.RegistrationTestCase - *****entering all the credentials***
20:30:21.615 [main] INFO  testCases.RegistrationTestCase - *****entering first name***
20:30:23.764 [main] INFO  testCases.RegistrationTestCase - *****entering last name***
20:30:25.862 [main] INFO  testCases.RegistrationTestCase - *****entering email***
20:30:27.988 [main] INFO  testCases.RegistrationTestCase - *****entering password***
20:30:55.149 [main] INFO  testCases.RegistrationTestCase - *****starting register testcase***
20:30:55.182 [main] INFO  testCases.RegistrationTestCase - *****click on my account ***
20:30:57.365 [main] INFO  testCases.RegistrationTestCase - *****clicking on register***
20:31:02.257 [main] INFO  testCases.RegistrationTestCase - *****entering all the credentials***
20:31:02.257 [main] INFO  testCases.RegistrationTestCase - *****entering first name***
20:31:04.436 [main] INFO  testCases.RegistrationTestCase - *****entering last name***
20:31:06.563 [main] INFO  testCases.RegistrationTestCase - *****entering email***
20:31:08.727 [main] INFO  testCases.RegistrationTestCase - *****entering password***
21:53:56.770 [main] INFO  testCases.RegistrationTestCase - *****starting register testcase***
21:53:57.540 [main] INFO  testCases.RegistrationTestCase - *****click on my account ***
21:54:02.582 [main] INFO  testCases.RegistrationTestCase - *****clicking on register***
21:54:07.873 [main] INFO  testCases.RegistrationTestCase - *****entering all the credentials***
21:54:07.873 [main] INFO  testCases.RegistrationTestCase - *****entering first name***
21:54:09.967 [main] INFO  testCases.RegistrationTestCase - *****entering last name***
21:54:12.022 [main] INFO  testCases.RegistrationTestCase - *****entering email***
21:54:14.180 [main] INFO  testCases.RegistrationTestCase - *****entering password***
21:54:54.267 [main] INFO  testCases.RegistrationTestCase - *****starting register testcase***
21:54:54.285 [main] INFO  testCases.RegistrationTestCase - *****click on my account ***
21:54:56.372 [main] INFO  testCases.RegistrationTestCase - *****clicking on register***
21:55:00.899 [main] INFO  testCases.RegistrationTestCase - *****entering all the credentials***
21:55:00.899 [main] INFO  testCases.RegistrationTestCase - *****entering first name***
21:55:03.004 [main] INFO  testCases.RegistrationTestCase - *****entering last name***
21:55:05.109 [main] INFO  testCases.RegistrationTestCase - *****entering email***
21:55:07.230 [main] INFO  testCases.RegistrationTestCase - *****entering password***
14:47:22.977 [main] INFO  testCases.RegistrationTestCase - *****starting register testcase***
14:47:23.324 [main] INFO  testCases.RegistrationTestCase - *****click on my account ***
14:47:25.594 [main] INFO  testCases.RegistrationTestCase - *****clicking on register***
14:47:33.930 [main] INFO  testCases.RegistrationTestCase - *****entering all the credentials***
14:47:33.930 [main] INFO  testCases.RegistrationTestCase - *****entering first name***
14:47:36.247 [main] INFO  testCases.RegistrationTestCase - *****entering last name***
14:47:38.480 [main] INFO  testCases.RegistrationTestCase - *****entering email***
14:47:40.772 [main] INFO  testCases.RegistrationTestCase - *****entering password***
14:48:29.311 [main] INFO  testCases.RegistrationTestCase - *****starting register testcase***
14:48:29.348 [main] INFO  testCases.RegistrationTestCase - *****click on my account ***
14:48:31.547 [main] INFO  testCases.RegistrationTestCase - *****clicking on register***
14:48:36.499 [main] INFO  testCases.RegistrationTestCase - *****entering all the credentials***
14:48:36.499 [main] INFO  testCases.RegistrationTestCase - *****entering first name***
14:48:38.760 [main] INFO  testCases.RegistrationTestCase - *****entering last name***
14:48:41.002 [main] INFO  testCases.RegistrationTestCase - *****entering email***
14:48:43.240 [main] INFO  testCases.RegistrationTestCase - *****entering password***
